#-----------------------------------------------------------
# xsim v2024.2 (64-bit)
# SW Build 5239630 on Fri Nov 08 22:34:34 MST 2024
# IP Build 5239520 on Sun Nov 10 16:12:51 MST 2024
# SharedData Build 5239561 on Fri Nov 08 14:39:27 MST 2024
# Start of session at: Sat Oct 11 17:26:14 2025
# Process ID         : 18857
# Current directory  : /home/aa/FPGA_space/Sobel/hand_code/build/sobel_opt/solution1/sim/verilog
# Command line       : xsim -mode tcl -source {xsim.dir/sobel/xsim_script.tcl}
# Log file           : /home/aa/FPGA_space/Sobel/hand_code/build/sobel_opt/solution1/sim/verilog/xsim.log
# Journal file       : /home/aa/FPGA_space/Sobel/hand_code/build/sobel_opt/solution1/sim/verilog/xsim.jou
# Running On         : rog
# Platform           : Ubuntu
# Operating System   : Ubuntu 22.04.5 LTS
# Processor Detail   : Intel(R) Core(TM) i9-14900HX
# CPU Frequency      : 2419.198 MHz
# CPU Physical cores : 16
# CPU Logical cores  : 32
# Host memory        : 16563 MB
# Swap memory        : 4294 MB
# Total Virtual      : 20858 MB
# Available Virtual  : 17613 MB
#-----------------------------------------------------------
source xsim.dir/sobel/xsim_script.tcl
# xsim {sobel} -autoloadwcfg -tclbatch {sobel.tcl}
Time resolution is 1 ps
source sobel.tcl
## run all
////////////////////////////////////////////////////////////////////////////////////
// Inter-Transaction Progress: Completed Transaction / Total Transaction
// Intra-Transaction Progress: Measured Latency / Latency Estimation * 100%
//
// RTL Simulation : "Inter-Transaction Progress" ["Intra-Transaction Progress"] @ "Simulation Time"
////////////////////////////////////////////////////////////////////////////////////
// RTL Simulation : 0 / 1 [0.00%] @ "125000"
// RTL Simulation : 1 / 1 [100.00%] @ "9322905000"
////////////////////////////////////////////////////////////////////////////////////
$finish called at time : 9322965 ns : File "/home/aa/FPGA_space/Sobel/hand_code/build/sobel_opt/solution1/sim/verilog/sobel.autotb.v" Line 412
run: Time (s): cpu = 00:00:00.01 ; elapsed = 00:00:10 . Memory (MB): peak = 1328.562 ; gain = 0.000 ; free physical = 10503 ; free virtual = 16527
## quit
INFO: xsimkernel Simulation Memory Usage: 498904 KB (Peak: 530668 KB), Simulation CPU Usage: 11180 ms
INFO: [Common 17-206] Exiting xsim at Sat Oct 11 17:26:28 2025...
