============================================================
   Tang Dynasty, V6.2.168116
   Copyright (c) 2012-2025 Anlogic Inc.
   Executable = E:/FPGA/Software/TD_6.2.1/bin/td.exe
   Built at =   16:32:07 Jun 12 2025
   Run by =     18058
   Run Date =   Fri Sep 19 11:15:41 2025

   Run on =     ROG
============================================================
ARC-1001 : Device Initialization.
ARC-1001 : -----------------------------------------------------------
ARC-1001 :           OPTION          |        IO        |   SETTING   
ARC-1001 : -----------------------------------------------------------
ARC-1001 :   non_jtag_persist(none)  |      36 IOs      |    gpio    
ARC-1001 :            jtag           |  P7/L8/N8/R6/R7  |  dedicate  
ARC-1001 : -----------------------------------------------------------
RUN-1003 : finish command "import_device ph1_180.db -package PH1A180SFG676 -speed 2" in  5.381236s wall, 3.500000s user + 0.328125s system = 3.828125s CPU (71.1%)

RUN-1004 : used memory is 1525 MB, reserved memory is 1507 MB, peak memory is 1559 MB
RUN-1002 : start command "commit_param -step design"
RUN-1001 : Print Global Property
RUN-1001 : -------------------------------------------------------------
RUN-1001 :     Parameters    |   Settings   |  Default Values  |  Note  
RUN-1001 : -------------------------------------------------------------
RUN-1001 :    enable_seed    |     off      |       off        |        
RUN-1001 :    hfn_to_clock   |  1000000000  |    1000000000    |        
RUN-1001 :      message      |   standard   |     standard     |        
RUN-1001 :    qor_monitor    |      on      |        on        |        
RUN-1001 :   speedup_effort  |      0       |        0         |        
RUN-1001 :    syn_ip_flow    |     off      |       off        |        
RUN-1001 :       thread      |     auto     |       auto       |        
RUN-1001 : -------------------------------------------------------------
RUN-1001 : Print Design Property
RUN-1001 : ----------------------------------------------------------------
RUN-1001 :       Parameters       |  Settings  |  Default Values  |  Note  
RUN-1001 : ----------------------------------------------------------------
RUN-1001 :   default_reg_initial  |    auto    |       auto       |        
RUN-1001 :    hdl_warning_level   |   normal   |      normal      |        
RUN-1001 : ----------------------------------------------------------------
HDL-5007 WARNING: could not find top-level module/unit; aborting hierarchy tree creation
