================================================================
== Design Size Report
================================================================

* Total Instructions per Compilation Phase
+---------------+-----------------------------+--------------+----------------------------------------------------------------------------------------+
| Phase         | Step                        | Instructions | Description                                                                            |
+---------------+-----------------------------+--------------+----------------------------------------------------------------------------------------+
| Compile/Link  |                             | 1,544        | After all functions are compiled and linked into a single design                       |
|               |                             |              |                                                                                        |
| Unroll/Inline |                             |              | After user unroll and inline pragmas are applied                                       |
|               | (1) unroll                  |   345        | user unroll pragmas are applied                                                        |
|               | (2) simplification          |   267        | simplification of applied user unroll pragmas                                          |
|               | (3) inline                  |   264        | user inline pragmas are applied                                                        |
|               | (4) simplification          |   244        | simplification of applied user inline pragmas                                          |
|               |                             |              |                                                                                        |
| Array/Struct  |                             |              | After user array partition and struct aggregate/disaggregate pragmas are applied       |
|               | (1) array partition         |   358        | user array partition pragmas are applied                                               |
|               | (2) simplification          |   313        | simplification of applied user array partition & struct aggregate/disaggregate pragmas |
|               | (3) aggregate/disaggregate  |   313        | user struct aggregate/disaggregate pragmas are applied                                 |
|               | (4) array reshape           |   313        | apply array reshape pragmas                                                            |
|               | (5) access patterns         |   360        | array access pattern optmizations                                                      |
|               |                             |              |                                                                                        |
| Performance   |                             |              | After transformations are applied to meet performance pragma targets                   |
|               | (1) loop simplification     |   365        | loop and instruction simplification                                                    |
|               | (2) parallelization         |   349        | loops are unrolled or pipelined to meet performance targets                            |
|               | (3) array partition         |   298        | arrays are partitioned to meet performance targets                                     |
|               | (4) simplification          |   298        | simplification of design after performance transformations                             |
|               |                             |              |                                                                                        |
| HW Transforms |                             |              | After hardware transfomations                                                          |
|               | (1) lowering                |   271        | initial conversion to HW specific instructions                                         |
|               | (2) optimizations           |   267        | high level synthesis optimizations                                                     |
+---------------+-----------------------------+--------------+----------------------------------------------------------------------------------------+

* Instructions per Function for each Compilation Phase
+--------------------+------------------+--------------+---------------+--------------+-------------+---------------+
| Function           | Location         | Compile/Link | Unroll/Inline | Array/Struct | Performance | HW Transforms |
+--------------------+------------------+--------------+---------------+--------------+-------------+---------------+
| + sobel            | sobel_opt.cpp:66 | 1,544        | 244           | 360          | 298         | 267           |
|  + sobel3x3_kernel | sobel_opt.cpp:53 |  132         |               |              |             |               |
|     Gradient_X     | sobel_opt.cpp:9  |   59         |               |              |             |               |
|     Gradient_Y     | sobel_opt.cpp:31 |   59         |               |              |             |               |
+--------------------+------------------+--------------+---------------+--------------+-------------+---------------+

* Design Size Message Settings
+---------------------------------------------+--------+------------------------------------------------------------------+
| Message Setting                             | Value  | Description                                                      |
+---------------------------------------------+--------+------------------------------------------------------------------+
| config_compile -design_size_maximum_warning | 100000 | Show a warning when total design instructions exceeds this value |
+---------------------------------------------+--------+------------------------------------------------------------------+


