

================================================================
== Vitis HLS Report for 'sobel_Pipeline_VITIS_LOOP_118_3'
================================================================
* Date:           Sat Oct 11 17:25:54 2025

* Version:        2024.2 (Build 5238294 on Nov  8 2024)
* Project:        sobel_opt
* Solution:       solution1 (Vivado IP Flow Target)
* Product family: zynq
* Target device:  xc7z020-clg400-1


================================================================
== Performance Estimates
================================================================
+ Timing: 
    * Summary: 
    +--------+----------+----------+------------+
    |  Clock |  Target  | Estimated| Uncertainty|
    +--------+----------+----------+------------+
    |ap_clk  |  10.00 ns|  6.665 ns|     2.70 ns|
    +--------+----------+----------+------------+

+ Latency: 
    * Summary: 
    +---------+---------+-----------+-----------+-----+------+---------+
    |  Latency (cycles) |   Latency (absolute)  |  Interval  | Pipeline|
    |   min   |   max   |    min    |    max    | min |  max |   Type  |
    +---------+---------+-----------+-----------+-----+------+---------+
    |        9|     1288|  90.000 ns|  12.880 us|    9|  1288|       no|
    +---------+---------+-----------+-----------+-----+------+---------+

    + Detail: 
        * Instance: 
        N/A

        * Loop: 
        +--------------------+---------+---------+----------+-----------+-----------+----------+----------+
        |                    |  Latency (cycles) | Iteration|  Initiation Interval  |   Trip   |          |
        |      Loop Name     |   min   |   max   |  Latency |  achieved |   target  |   Count  | Pipelined|
        +--------------------+---------+---------+----------+-----------+-----------+----------+----------+
        |- VITIS_LOOP_118_3  |        5|     1284|         6|          1|          1|  1 ~ 1280|       yes|
        +--------------------+---------+---------+----------+-----------+-----------+----------+----------+



================================================================
== Utilization Estimates
================================================================
* Summary: 
+-----------------+---------+-----+--------+-------+-----+
|       Name      | BRAM_18K| DSP |   FF   |  LUT  | URAM|
+-----------------+---------+-----+--------+-------+-----+
|DSP              |        -|    -|       -|      -|    -|
|Expression       |        -|    -|       0|    353|    -|
|FIFO             |        -|    -|       -|      -|    -|
|Instance         |        -|    -|       0|     27|    -|
|Memory           |        -|    -|       -|      -|    -|
|Multiplexer      |        -|    -|       0|    238|    -|
|Register         |        -|    -|     358|     96|    -|
+-----------------+---------+-----+--------+-------+-----+
|Total            |        0|    0|     358|    714|    0|
+-----------------+---------+-----+--------+-------+-----+
|Available        |      280|  220|  106400|  53200|    0|
+-----------------+---------+-----+--------+-------+-----+
|Utilization (%)  |        0|    0|      ~0|      1|    0|
+-----------------+---------+-----+--------+-------+-----+

+ Detail: 
    * Instance: 
    +-------------------------+---------------------+---------+----+---+----+-----+
    |         Instance        |        Module       | BRAM_18K| DSP| FF| LUT| URAM|
    +-------------------------+---------------------+---------+----+---+----+-----+
    |sparsemux_7_2_8_1_1_U9   |sparsemux_7_2_8_1_1  |        0|   0|  0|   9|    0|
    |sparsemux_7_2_8_1_1_U10  |sparsemux_7_2_8_1_1  |        0|   0|  0|   9|    0|
    |sparsemux_7_2_8_1_1_U11  |sparsemux_7_2_8_1_1  |        0|   0|  0|   9|    0|
    +-------------------------+---------------------+---------+----+---+----+-----+
    |Total                    |                     |        0|   0|  0|  27|    0|
    +-------------------------+---------------------+---------+----+---+----+-----+

    * DSP: 
    N/A

    * Memory: 
    N/A

    * FIFO: 
    N/A

    * Expression: 
    +---------------------------------------+----------+----+---+----+------------+------------+
    |             Variable Name             | Operation| DSP| FF| LUT| Bitwidth P0| Bitwidth P1|
    +---------------------------------------+----------+----+---+----+------------+------------+
    |A00_fu_711_p2                          |         +|   0|  0|  11|          11|          11|
    |add_ln13_1_fu_655_p2                   |         +|   0|  0|  14|           9|           9|
    |add_ln13_fu_665_p2                     |         +|   0|  0|  13|          10|          10|
    |add_ln18_fu_671_p2                     |         +|   0|  0|  13|          10|          10|
    |col_3_fu_475_p2                        |         +|   0|  0|  14|          13|           1|
    |out_pix_4_fu_841_p2                    |         +|   0|  0|  11|          11|          11|
    |out_pix_fu_774_p2                      |         +|   0|  0|  11|          11|          11|
    |sobel_1_fu_909_p2                      |         +|   0|  0|  15|           8|           8|
    |temp_fu_913_p2                         |         +|   0|  0|  14|           9|           9|
    |S00_fu_701_p2                          |         -|   0|  0|  13|          10|          10|
    |out_pix_5_fu_765_p2                    |         -|   0|  0|  11|          11|          11|
    |out_pix_6_fu_717_p2                    |         -|   0|  0|  11|          11|          11|
    |out_pix_7_fu_836_p2                    |         -|   0|  0|  11|          11|          11|
    |ap_block_state3_pp0_stage0_iter1_grp1  |       and|   0|  0|   2|           1|           1|
    |ap_condition_701                       |       and|   0|  0|   2|           1|           1|
    |ap_condition_705                       |       and|   0|  0|   2|           1|           1|
    |ap_condition_708                       |       and|   0|  0|   2|           1|           1|
    |ap_predicate_op74_read_state3          |       and|   0|  0|   2|           1|           1|
    |data_p_last_fu_486_p2                  |       and|   0|  0|   2|           1|           1|
    |cmp_i_i126_fu_414_p2                   |      icmp|   0|  0|  39|          32|          32|
    |icmp_ln118_fu_470_p2                   |      icmp|   0|  0|  39|          32|          32|
    |icmp_ln141_fu_481_p2                   |      icmp|   0|  0|  39|          32|          32|
    |icmp_ln24_fu_798_p2                    |      icmp|   0|  0|  11|           3|           1|
    |icmp_ln46_fu_865_p2                    |      icmp|   0|  0|  11|           3|           1|
    |ap_block_pp0_stage0_01001_grp1         |        or|   0|  0|   2|           1|           1|
    |or_ln28_fu_822_p2                      |        or|   0|  0|   2|           1|           1|
    |or_ln50_fu_889_p2                      |        or|   0|  0|   2|           1|           1|
    |dst_TDATA                              |    select|   0|  0|   8|           1|           2|
    |g_x_fu_828_p3                          |    select|   0|  0|   8|           1|           8|
    |g_y_fu_895_p3                          |    select|   0|  0|   8|           1|           8|
    |select_ln28_fu_814_p3                  |    select|   0|  0|   2|           1|           2|
    |select_ln50_fu_881_p3                  |    select|   0|  0|   2|           1|           2|
    |ap_enable_pp0                          |       xor|   0|  0|   2|           1|           2|
    |xor_ln28_fu_808_p2                     |       xor|   0|  0|   2|           1|           2|
    |xor_ln50_fu_875_p2                     |       xor|   0|  0|   2|           1|           2|
    +---------------------------------------+----------+----+---+----+------------+------------+
    |Total                                  |          |   0|  0| 353|         254|         258|
    +---------------------------------------+----------+----+---+----+------------+------------+

    * Multiplexer: 
    +-----------------------------+----+-----------+-----+-----------+
    |             Name            | LUT| Input Size| Bits| Total Bits|
    +-----------------------------+----+-----------+-----+-----------+
    |LineBuffer_1_address0_local  |  14|          3|   11|         33|
    |LineBuffer_1_d0_local        |  14|          3|    8|         24|
    |LineBuffer_2_address0_local  |  14|          3|   11|         33|
    |LineBuffer_2_d0_local        |  14|          3|    8|         24|
    |LineBuffer_address0_local    |  14|          3|   11|         33|
    |LineBuffer_d0_local          |  14|          3|    8|         24|
    |WindowBuffer_18_out_o        |  14|          3|    8|         24|
    |WindowBuffer_19_fu_166       |   9|          2|    8|         16|
    |WindowBuffer_20_out_o        |  14|          3|    8|         24|
    |WindowBuffer_21_fu_174       |   9|          2|    8|         16|
    |WindowBuffer_22_out_o        |  14|          3|    8|         24|
    |WindowBuffer_23_fu_170       |   9|          2|    8|         16|
    |ap_NS_fsm                    |  31|          6|    1|          6|
    |ap_enable_reg_pp0_iter4      |   9|          2|    1|          2|
    |ap_enable_reg_pp0_iter5      |   9|          2|    1|          2|
    |col_2_fu_158                 |   9|          2|   13|         26|
    |data_p_strb_fu_162           |   9|          2|    1|          2|
    |dst_TDATA_blk_n              |   9|          2|    1|          2|
    |src_TDATA_blk_n              |   9|          2|    1|          2|
    +-----------------------------+----+-----------+-----+-----------+
    |Total                        | 238|         51|  124|        333|
    +-----------------------------+----+-----------+-----+-----------+

    * Register: 
    +-------------------------------+----+----+-----+-----------+
    |              Name             | FF | LUT| Bits| Const Bits|
    +-------------------------------+----+----+-----+-----------+
    |WindowBuffer_19_fu_166         |   8|   0|    8|          0|
    |WindowBuffer_19_load_reg_1061  |   8|   0|    8|          0|
    |WindowBuffer_21_fu_174         |   8|   0|    8|          0|
    |WindowBuffer_21_load_reg_1071  |   8|   0|    8|          0|
    |WindowBuffer_23_fu_170         |   8|   0|    8|          0|
    |WindowBuffer_23_load_reg_1066  |   8|   0|    8|          0|
    |add_ln13_reg_1086              |  10|   0|   10|          0|
    |add_ln18_reg_1091              |  10|   0|   10|          0|
    |ap_CS_fsm                      |   5|   0|    5|          0|
    |ap_enable_reg_pp0_iter0        |   1|   0|    1|          0|
    |ap_enable_reg_pp0_iter1        |   1|   0|    1|          0|
    |ap_enable_reg_pp0_iter2        |   1|   0|    1|          0|
    |ap_enable_reg_pp0_iter3        |   1|   0|    1|          0|
    |ap_enable_reg_pp0_iter4        |   1|   0|    1|          0|
    |ap_enable_reg_pp0_iter5        |   1|   0|    1|          0|
    |cmp_i_i126_reg_1021            |   1|   0|    1|          0|
    |col_2_fu_158                   |  13|   0|   13|          0|
    |col_reg_1025                   |  13|   0|   13|          0|
    |col_reg_1025_pp0_iter1_reg     |  13|   0|   13|          0|
    |data_p_last_reg_1036           |   1|   0|    1|          0|
    |data_p_strb_4_reg_1041         |   1|   0|    1|          0|
    |data_p_strb_fu_162             |   1|   0|    1|          0|
    |g_x_reg_1101                   |   8|   0|    8|          0|
    |g_y_reg_1107                   |   8|   0|    8|          0|
    |icmp_ln118_reg_1032            |   1|   0|    1|          0|
    |out_pix_6_reg_1096             |  11|   0|   11|          0|
    |tmp_2_reg_1081                 |   8|   0|    8|          0|
    |tmp_reg_1076                   |   8|   0|    8|          0|
    |data_p_last_reg_1036           |  64|  32|    1|          0|
    |data_p_strb_4_reg_1041         |  64|  32|    1|          0|
    |icmp_ln118_reg_1032            |  64|  32|    1|          0|
    +-------------------------------+----+----+-----+-----------+
    |Total                          | 358|  96|  169|          0|
    +-------------------------------+----+----+-----+-----------+



================================================================
== Interface
================================================================
* Summary: 
+------------------------------+-----+-----+------------+---------------------------------+--------------+
|           RTL Ports          | Dir | Bits|  Protocol  |          Source Object          |    C Type    |
+------------------------------+-----+-----+------------+---------------------------------+--------------+
|ap_clk                        |   in|    1|  ap_ctrl_hs|  sobel_Pipeline_VITIS_LOOP_118_3|  return value|
|ap_rst                        |   in|    1|  ap_ctrl_hs|  sobel_Pipeline_VITIS_LOOP_118_3|  return value|
|ap_start                      |   in|    1|  ap_ctrl_hs|  sobel_Pipeline_VITIS_LOOP_118_3|  return value|
|ap_done                       |  out|    1|  ap_ctrl_hs|  sobel_Pipeline_VITIS_LOOP_118_3|  return value|
|ap_idle                       |  out|    1|  ap_ctrl_hs|  sobel_Pipeline_VITIS_LOOP_118_3|  return value|
|ap_ready                      |  out|    1|  ap_ctrl_hs|  sobel_Pipeline_VITIS_LOOP_118_3|  return value|
|WindowBuffer_13               |   in|    8|     ap_none|                  WindowBuffer_13|        scalar|
|WindowBuffer_14               |   in|    8|     ap_none|                  WindowBuffer_14|        scalar|
|WindowBuffer_12               |   in|    8|     ap_none|                  WindowBuffer_12|        scalar|
|WindowBuffer_17               |   in|    8|     ap_none|                  WindowBuffer_17|        scalar|
|WindowBuffer_15               |   in|    8|     ap_none|                  WindowBuffer_15|        scalar|
|WindowBuffer_16               |   in|    8|     ap_none|                  WindowBuffer_16|        scalar|
|data_p_strb_2                 |   in|    1|     ap_none|                    data_p_strb_2|        scalar|
|cols                          |   in|   32|     ap_none|                             cols|        scalar|
|LineBuffer_address0           |  out|   11|   ap_memory|                       LineBuffer|         array|
|LineBuffer_ce0                |  out|    1|   ap_memory|                       LineBuffer|         array|
|LineBuffer_we0                |  out|    1|   ap_memory|                       LineBuffer|         array|
|LineBuffer_d0                 |  out|    8|   ap_memory|                       LineBuffer|         array|
|LineBuffer_address1           |  out|   11|   ap_memory|                       LineBuffer|         array|
|LineBuffer_ce1                |  out|    1|   ap_memory|                       LineBuffer|         array|
|LineBuffer_q1                 |   in|    8|   ap_memory|                       LineBuffer|         array|
|LineBuffer_1_address0         |  out|   11|   ap_memory|                     LineBuffer_1|         array|
|LineBuffer_1_ce0              |  out|    1|   ap_memory|                     LineBuffer_1|         array|
|LineBuffer_1_we0              |  out|    1|   ap_memory|                     LineBuffer_1|         array|
|LineBuffer_1_d0               |  out|    8|   ap_memory|                     LineBuffer_1|         array|
|LineBuffer_1_address1         |  out|   11|   ap_memory|                     LineBuffer_1|         array|
|LineBuffer_1_ce1              |  out|    1|   ap_memory|                     LineBuffer_1|         array|
|LineBuffer_1_q1               |   in|    8|   ap_memory|                     LineBuffer_1|         array|
|LineBuffer_2_address0         |  out|   11|   ap_memory|                     LineBuffer_2|         array|
|LineBuffer_2_ce0              |  out|    1|   ap_memory|                     LineBuffer_2|         array|
|LineBuffer_2_we0              |  out|    1|   ap_memory|                     LineBuffer_2|         array|
|LineBuffer_2_d0               |  out|    8|   ap_memory|                     LineBuffer_2|         array|
|LineBuffer_2_address1         |  out|   11|   ap_memory|                     LineBuffer_2|         array|
|LineBuffer_2_ce1              |  out|    1|   ap_memory|                     LineBuffer_2|         array|
|LineBuffer_2_q1               |   in|    8|   ap_memory|                     LineBuffer_2|         array|
|top                           |   in|    2|     ap_none|                              top|        scalar|
|mid                           |   in|    2|     ap_none|                              mid|        scalar|
|btm                           |   in|    2|     ap_none|                              btm|        scalar|
|sub                           |   in|   32|     ap_none|                              sub|        scalar|
|cmp_i_i80                     |   in|    1|     ap_none|                        cmp_i_i80|        scalar|
|dst_TDATA                     |  out|    8|        axis|                     dst_V_data_V|       pointer|
|dst_TREADY                    |   in|    1|        axis|                     dst_V_data_V|       pointer|
|dst_TVALID                    |  out|    1|        axis|                     dst_V_last_V|       pointer|
|dst_TLAST                     |  out|    1|        axis|                     dst_V_last_V|       pointer|
|dst_TKEEP                     |  out|    1|        axis|                     dst_V_keep_V|       pointer|
|dst_TSTRB                     |  out|    1|        axis|                     dst_V_strb_V|       pointer|
|src_TDATA                     |   in|    8|        axis|                     src_V_data_V|       pointer|
|src_TVALID                    |   in|    1|        axis|                     src_V_data_V|       pointer|
|src_TREADY                    |  out|    1|        axis|                     src_V_last_V|       pointer|
|src_TLAST                     |   in|    1|        axis|                     src_V_last_V|       pointer|
|src_TKEEP                     |   in|    1|        axis|                     src_V_keep_V|       pointer|
|src_TSTRB                     |   in|    1|        axis|                     src_V_strb_V|       pointer|
|zext_ln98                     |   in|   13|     ap_none|                        zext_ln98|        scalar|
|rows                          |   in|   31|     ap_none|                             rows|        scalar|
|WindowBuffer_21_out           |  out|    8|      ap_vld|              WindowBuffer_21_out|       pointer|
|WindowBuffer_21_out_ap_vld    |  out|    1|      ap_vld|              WindowBuffer_21_out|       pointer|
|WindowBuffer_23_out           |  out|    8|      ap_vld|              WindowBuffer_23_out|       pointer|
|WindowBuffer_23_out_ap_vld    |  out|    1|      ap_vld|              WindowBuffer_23_out|       pointer|
|WindowBuffer_19_out           |  out|    8|      ap_vld|              WindowBuffer_19_out|       pointer|
|WindowBuffer_19_out_ap_vld    |  out|    1|      ap_vld|              WindowBuffer_19_out|       pointer|
|WindowBuffer_22_out_i         |   in|    8|     ap_ovld|              WindowBuffer_22_out|       pointer|
|WindowBuffer_22_out_o         |  out|    8|     ap_ovld|              WindowBuffer_22_out|       pointer|
|WindowBuffer_22_out_o_ap_vld  |  out|    1|     ap_ovld|              WindowBuffer_22_out|       pointer|
|WindowBuffer_18_out_i         |   in|    8|     ap_ovld|              WindowBuffer_18_out|       pointer|
|WindowBuffer_18_out_o         |  out|    8|     ap_ovld|              WindowBuffer_18_out|       pointer|
|WindowBuffer_18_out_o_ap_vld  |  out|    1|     ap_ovld|              WindowBuffer_18_out|       pointer|
|WindowBuffer_20_out_i         |   in|    8|     ap_ovld|              WindowBuffer_20_out|       pointer|
|WindowBuffer_20_out_o         |  out|    8|     ap_ovld|              WindowBuffer_20_out|       pointer|
|WindowBuffer_20_out_o_ap_vld  |  out|    1|     ap_ovld|              WindowBuffer_20_out|       pointer|
|data_p_strb_4_out             |  out|    1|      ap_vld|                data_p_strb_4_out|       pointer|
|data_p_strb_4_out_ap_vld      |  out|    1|      ap_vld|                data_p_strb_4_out|       pointer|
+------------------------------+-----+-----+------------+---------------------------------+--------------+

