#-----------------------------------------------------------
# Vivado v2024.2 (64-bit)
# SW Build 5239630 on Fri Nov 08 22:34:34 MST 2024
# IP Build 5239520 on Sun Nov 10 16:12:51 MST 2024
# SharedData Build 5239561 on Fri Nov 08 14:39:27 MST 2024
# Start of session at: Wed Oct  8 18:37:16 2025
# Process ID         : 17151
# Current directory  : /home/aa/FPGA_space/FIR/build_linux/lk_prj/solution1/impl/ip
# Command line       : vivado -notrace -mode batch -source run_ippack.tcl
# Log file           : /home/aa/FPGA_space/FIR/build_linux/lk_prj/solution1/impl/ip/vivado.log
# Journal file       : /home/aa/FPGA_space/FIR/build_linux/lk_prj/solution1/impl/ip/vivado.jou
# Running On         : rog
# Platform           : Ubuntu
# Operating System   : Ubuntu 22.04.5 LTS
# Processor Detail   : Intel(R) Core(TM) i9-14900HX
# CPU Frequency      : 2419.198 MHz
# CPU Physical cores : 16
# CPU Logical cores  : 32
# Host memory        : 16563 MB
# Swap memory        : 4294 MB
# Total Virtual      : 20858 MB
# Available Virtual  : 11563 MB
#-----------------------------------------------------------
source run_ippack.tcl -notrace
INFO: calling package_hls_ip ip_types=vitis sysgen json_file=/home/aa/FPGA_space/FIR/build_linux/lk_prj/solution1/solution1_data.json outdir=/home/aa/FPGA_space/FIR/build_linux/lk_prj/solution1/impl/ip srcdir=/home/aa/FPGA_space/FIR/build_linux/lk_prj/solution1 sort_interfaces_ports=false
INFO: Copied 1 ipmisc file(s) to /home/aa/FPGA_space/FIR/build_linux/lk_prj/solution1/impl/ip/misc
INFO: Copied 7 verilog file(s) to /home/aa/FPGA_space/FIR/build_linux/lk_prj/solution1/impl/ip/hdl/verilog
INFO: Copied 7 vhdl file(s) to /home/aa/FPGA_space/FIR/build_linux/lk_prj/solution1/impl/ip/hdl/vhdl
INFO: Copied 10 swdriver file(s) to /home/aa/FPGA_space/FIR/build_linux/lk_prj/solution1/impl/ip/drivers
INFO: Import ports from HDL: /home/aa/FPGA_space/FIR/build_linux/lk_prj/solution1/impl/ip/hdl/vhdl/fir_top.vhd (fir_top)
INFO: Add axi4lite interface s_axi_control
INFO: Add clock interface ap_clk
INFO: Add reset interface ap_rst_n
INFO: Add interrupt interface interrupt
INFO: [IP_Flow 19-234] Refreshing IP repositories
INFO: [IP_Flow 19-1704] No user IP repositories specified
INFO: [IP_Flow 19-2313] Loaded Vivado IP repository '/opt/Xilinx/Vivado/2024.2/data/ip'.
INFO: Add axi4full interface m_axi_gmem
INFO: Calling post_process_vitis to specialize IP
INFO: Calling post_process_sysgen to specialize IP
Generating sysgen info xml from json file
INFO: Created IP /home/aa/FPGA_space/FIR/build_linux/lk_prj/solution1/impl/ip/component.xml
INFO: Created IP archive /home/aa/FPGA_space/FIR/build_linux/lk_prj/solution1/impl/ip/xilinx_com_hls_fir_top_1_0.zip
INFO: [Common 17-206] Exiting Vivado at Wed Oct  8 18:37:23 2025...
