INFO-FLOW: Workspace /home/aa/FPGA_space/Gussian_blur/build/gaussian_blur_prj/solution1 opened at Fri Oct 10 22:01:32 CST 2025
Execute       send_msg_by_id INFO @200-1505@%s%s default  vivado 
INFO: [HLS 200-1505] Using default flow_target 'vivado'
Execute     set_part xc7z020clg400-1 
INFO: [HLS 200-1510] Running: set_part xc7z020clg400-1 
Execute       create_platform xc7z020clg400-1 -board  
DBG:HLSDevice: Trying to load device library: /opt/Xilinx/Vitis/2024.2/lib/lnx64.o/libxv_hlsvwrap.so
DBG:HLSDevice: first parts/arch.xml in RDI_DATADIR: /opt/Xilinx/Vivado/2024.2/data/parts/arch.xml
DBG:HLSDevice: init success
INFO: [HLS 200-1611] Setting target device to 'xc7z020-clg400-1'
Command       create_platform done; 1.38 sec.
Execute       source /opt/Xilinx/Vitis/2024.2/common/technology/xilinx/common/xilinx.gen 
Execute         source /opt/Xilinx/Vitis/2024.2/common/technology/xilinx/interface/plb46.gen 
Execute         source /opt/Xilinx/Vitis/2024.2/common/technology/xilinx/interface/axi4.gen 
Execute         source /opt/Xilinx/Vitis/2024.2/common/technology/xilinx/interface/nativeAXI4.gen 
Execute           source /opt/Xilinx/Vitis/2024.2/common/technology/xilinx/interface/saxilite.gen 
Execute         source /opt/Xilinx/Vitis/2024.2/common/technology/xilinx/scripts/xilinxcoregen.gen 
Execute         source /opt/Xilinx/Vitis/2024.2/common/technology/xilinx/interface/XilEDKCoreGen.gen 
Execute         source /opt/Xilinx/Vitis/2024.2/common/technology/xilinx/ip/dds_compiler.gen 
Execute         source /opt/Xilinx/Vitis/2024.2/common/technology/xilinx/ip/util.gen 
Execute         source /opt/Xilinx/Vitis/2024.2/common/technology/xilinx/ip/xfir.gen 
Execute         source /opt/Xilinx/Vitis/2024.2/common/technology/xilinx/ip/xfft.gen 
Execute         source /opt/Xilinx/Vitis/2024.2/common/technology/xilinx/DSP48/dsp48.gen 
Execute       ap_part_info -name xc7z020-clg400-1 -data info 
Execute       config_compile -quiet -complex-mul-dsp=0 
Command     set_part done; 1.45 sec.
Execute     create_clock -period 4 -name default 
INFO: [HLS 200-1510] Running: create_clock -period 4 -name default 
Execute       ap_set_clock -name default -period 4 -unit ns -default=false 
INFO: [SYN 201-201] Setting up clock 'default' with a period of 4ns.
Execute     set_clock_uncertainty 27.0% 
INFO: [HLS 200-1510] Running: set_clock_uncertainty 27.0% 
Execute       ap_set_clock -name default -uncertainty 1.08 -unit % 
INFO: [SYN 201-201] Setting up clock 'default' with an uncertainty of 1.08ns.
Execute     csim_design 
INFO: [HLS 200-1510] Running: csim_design 
Execute       ::AP::init_summary_file csim 
INFO-FLOW: Running SLX 'csim' proc: ::SLX::run_csim
INFO: [SIM 211-2] *************** CSIM start ***************
INFO: [SIM 211-4] CSIM will launch CLANG as the compiler.
Execute       send_msg_by_id ERROR @200-627@ 
ERROR: [HLS 200-627] Cannot find C test bench. Please specify test bench files using 'add_files -tb'.
INFO-FLOW: AESL_CSIM::c_sim errorInfo:
TCL LOOKUP INDEX class .
    while executing
"::AESL_CSIM::c_sim "$argn" "
ERROR: [SIM 211-100] CSim failed with errors.
INFO: [SIM 211-3] *************** CSIM finish ***************
INFO-FLOW: AESL_CSIM::csim_cmd_wrap errorInfo:
4
    while executing
"::AESL_CSIM::csim_cmd_wrap $args"
INFO-FLOW: Caught error in csim_design: 4
    while executing
"ap_internal_csim_design "
Command     csim_design done; error code: 2; 
INFO: [HLS 200-2161] Finished Command csim_design Elapsed time: 00:00:00; Allocated memory: 0.000 MB.
Command   ap_source done; error code: 1; 1.56 sec.
Execute   cleanup_all 
