Copyright 1986-2022 Xilinx, Inc. All Rights Reserved. Copyright 2022-2024 Advanced Micro Devices, Inc. All Rights Reserved.
---------------------------------------------------------------------------------------------------------------------------------------------
| Tool Version : Vivado v.2024.2 (lin64) Build 5239630 Fri Nov 08 22:34:34 MST 2024
| Date         : Sat Oct 11 17:28:17 2025
| Host         : rog running 64-bit Ubuntu 22.04.5 LTS
| Command      : report_timing_summary -file ./report/sobel_timing_synth.rpt
| Design       : bd_0_wrapper
| Device       : 7z020-clg400
| Speed File   : -1  PRODUCTION 1.12 2019-11-22
| Design State : Synthesized
---------------------------------------------------------------------------------------------------------------------------------------------

Timing Summary Report

------------------------------------------------------------------------------------------------
| Timer Settings
| --------------
------------------------------------------------------------------------------------------------

  Enable Multi Corner Analysis               :  Yes
  Enable Pessimism Removal                   :  Yes
  Pessimism Removal Resolution               :  Nearest Common Node
  Enable Input Delay Default Clock           :  No
  Enable Preset / Clear Arcs                 :  No
  Disable Flight Delays                      :  No
  Ignore I/O Paths                           :  No
  Timing Early Launch at Borrowing Latches   :  No
  Borrow Time for Max Delay Exceptions       :  Yes
  Merge Timing Exceptions                    :  Yes
  Inter-SLR Compensation                     :  Conservative

  Corner  Analyze    Analyze    
  Name    Max Paths  Min Paths  
  ------  ---------  ---------  
  Slow    Yes        Yes        
  Fast    Yes        Yes        


------------------------------------------------------------------------------------------------
| Report Methodology
| ------------------
------------------------------------------------------------------------------------------------

No report available as report_methodology has not been run prior. Run report_methodology on the current design for the summary of methodology violations.



check_timing report

Table of Contents
-----------------
1. checking no_clock (0)
2. checking constant_clock (0)
3. checking pulse_width_clock (0)
4. checking unconstrained_internal_endpoints (0)
5. checking no_input_delay (61)
6. checking no_output_delay (51)
7. checking multiple_clock (0)
8. checking generated_clocks (0)
9. checking loops (0)
10. checking partial_input_delay (0)
11. checking partial_output_delay (0)
12. checking latch_loops (0)

1. checking no_clock (0)
------------------------
 There are 0 register/latch pins with no clock.


2. checking constant_clock (0)
------------------------------
 There are 0 register/latch pins with constant_clock.


3. checking pulse_width_clock (0)
---------------------------------
 There are 0 register/latch pins which need pulse_width check


4. checking unconstrained_internal_endpoints (0)
------------------------------------------------
 There are 0 pins that are not constrained for maximum delay.

 There are 0 pins that are not constrained for maximum delay due to constant clock.


5. checking no_input_delay (61)
-------------------------------
 There are 61 input ports with no input delay specified. (HIGH)

 There are 0 input ports with no input delay but user has a false path constraint.


6. checking no_output_delay (51)
--------------------------------
 There are 51 ports with no output delay specified. (HIGH)

 There are 0 ports with no output delay but user has a false path constraint

 There are 0 ports with no output delay but with a timing clock defined on it or propagating through it


7. checking multiple_clock (0)
------------------------------
 There are 0 register/latch pins with multiple clocks.


8. checking generated_clocks (0)
--------------------------------
 There are 0 generated clocks that are not connected to a clock source.


9. checking loops (0)
---------------------
 There are 0 combinational loops in the design.


10. checking partial_input_delay (0)
------------------------------------
 There are 0 input ports with partial input delay specified.


11. checking partial_output_delay (0)
-------------------------------------
 There are 0 ports with partial output delay specified.


12. checking latch_loops (0)
----------------------------
 There are 0 combinational latch loops in the design through latch input



------------------------------------------------------------------------------------------------
| Design Timing Summary
| ---------------------
------------------------------------------------------------------------------------------------

    WNS(ns)      TNS(ns)  TNS Failing Endpoints  TNS Total Endpoints      WHS(ns)      THS(ns)  THS Failing Endpoints  THS Total Endpoints     WPWS(ns)     TPWS(ns)  TPWS Failing Endpoints  TPWS Total Endpoints  
    -------      -------  ---------------------  -------------------      -------      -------  ---------------------  -------------------     --------     --------  ----------------------  --------------------  
      4.118        0.000                      0                 1468        0.219        0.000                      0                 1468        4.020        0.000                       0                   653  


All user specified timing constraints are met.


------------------------------------------------------------------------------------------------
| Clock Summary
| -------------
------------------------------------------------------------------------------------------------

Clock   Waveform(ns)       Period(ns)      Frequency(MHz)
-----   ------------       ----------      --------------
ap_clk  {0.000 5.000}      10.000          100.000         


------------------------------------------------------------------------------------------------
| Intra Clock Table
| -----------------
------------------------------------------------------------------------------------------------

Clock             WNS(ns)      TNS(ns)  TNS Failing Endpoints  TNS Total Endpoints      WHS(ns)      THS(ns)  THS Failing Endpoints  THS Total Endpoints     WPWS(ns)     TPWS(ns)  TPWS Failing Endpoints  TPWS Total Endpoints  
-----             -------      -------  ---------------------  -------------------      -------      -------  ---------------------  -------------------     --------     --------  ----------------------  --------------------  
ap_clk              4.118        0.000                      0                 1468        0.219        0.000                      0                 1468        4.020        0.000                       0                   653  


------------------------------------------------------------------------------------------------
| Inter Clock Table
| -----------------
------------------------------------------------------------------------------------------------

From Clock    To Clock          WNS(ns)      TNS(ns)  TNS Failing Endpoints  TNS Total Endpoints      WHS(ns)      THS(ns)  THS Failing Endpoints  THS Total Endpoints  
----------    --------          -------      -------  ---------------------  -------------------      -------      -------  ---------------------  -------------------  


------------------------------------------------------------------------------------------------
| Other Path Groups Table
| -----------------------
------------------------------------------------------------------------------------------------

Path Group    From Clock    To Clock          WNS(ns)      TNS(ns)  TNS Failing Endpoints  TNS Total Endpoints      WHS(ns)      THS(ns)  THS Failing Endpoints  THS Total Endpoints  
----------    ----------    --------          -------      -------  ---------------------  -------------------      -------      -------  ---------------------  -------------------  


------------------------------------------------------------------------------------------------
| Timing Details
| --------------
------------------------------------------------------------------------------------------------


---------------------------------------------------------------------------------------------------
From Clock:  ap_clk
  To Clock:  ap_clk

Setup :            0  Failing Endpoints,  Worst Slack        4.118ns,  Total Violation        0.000ns
Hold  :            0  Failing Endpoints,  Worst Slack        0.219ns,  Total Violation        0.000ns
PW    :            0  Failing Endpoints,  Worst Slack        4.020ns,  Total Violation        0.000ns
---------------------------------------------------------------------------------------------------


Max Delay Paths
--------------------------------------------------------------------------------------
Slack (MET) :             4.118ns  (required time - arrival time)
  Source:                 bd_0_i/hls_inst/inst/grp_sobel_Pipeline_VITIS_LOOP_118_3_fu_352/tmp_reg_1076_reg[3]/C
                            (rising edge-triggered cell FDRE clocked by ap_clk  {rise@0.000ns fall@5.000ns period=10.000ns})
  Destination:            bd_0_i/hls_inst/inst/grp_sobel_Pipeline_VITIS_LOOP_118_3_fu_352/g_y_reg_1107_reg[0]/S
                            (rising edge-triggered cell FDSE clocked by ap_clk  {rise@0.000ns fall@5.000ns period=10.000ns})
  Path Group:             ap_clk
  Path Type:              Setup (Max at Slow Process Corner)
  Requirement:            10.000ns  (ap_clk rise@10.000ns - ap_clk rise@0.000ns)
  Data Path Delay:        5.274ns  (logic 2.264ns (42.928%)  route 3.010ns (57.072%))
  Logic Levels:           5  (CARRY4=2 LUT3=1 LUT4=2)
  Clock Path Skew:        -0.049ns (DCD - SCD + CPR)
    Destination Clock Delay (DCD):    0.924ns = ( 10.924 - 10.000 ) 
    Source Clock Delay      (SCD):    0.973ns
    Clock Pessimism Removal (CPR):    0.000ns
  Clock Uncertainty:      0.035ns  ((TSJ^2 + TIJ^2)^1/2 + DJ) / 2 + PE
    Total System Jitter     (TSJ):    0.071ns
    Total Input Jitter      (TIJ):    0.000ns
    Discrete Jitter          (DJ):    0.000ns
    Phase Error              (PE):    0.000ns

    Location             Delay type                Incr(ns)  Path(ns)    Netlist Resource(s)
  -------------------------------------------------------------------    -------------------
                         (clock ap_clk rise edge)     0.000     0.000 r  
                                                      0.000     0.000 r  ap_clk (IN)
                         net (fo=652, unset)          0.973     0.973    bd_0_i/hls_inst/inst/grp_sobel_Pipeline_VITIS_LOOP_118_3_fu_352/ap_clk
                         FDRE                                         r  bd_0_i/hls_inst/inst/grp_sobel_Pipeline_VITIS_LOOP_118_3_fu_352/tmp_reg_1076_reg[3]/C
  -------------------------------------------------------------------    -------------------
                         FDRE (Prop_fdre_C_Q)         0.518     1.491 f  bd_0_i/hls_inst/inst/grp_sobel_Pipeline_VITIS_LOOP_118_3_fu_352/tmp_reg_1076_reg[3]/Q
                         net (fo=4, unplaced)         0.765     2.256    bd_0_i/hls_inst/inst/grp_sobel_Pipeline_VITIS_LOOP_118_3_fu_352/tmp_reg_1076[3]
                         LUT3 (Prop_lut3_I0_O)        0.321     2.577 r  bd_0_i/hls_inst/inst/grp_sobel_Pipeline_VITIS_LOOP_118_3_fu_352/out_pix_4_fu_841_p2_carry__0_i_4/O
                         net (fo=2, unplaced)         0.485     3.062    bd_0_i/hls_inst/inst/grp_sobel_Pipeline_VITIS_LOOP_118_3_fu_352/out_pix_4_fu_841_p2_carry__0_i_4_n_0
                         LUT4 (Prop_lut4_I3_O)        0.355     3.417 r  bd_0_i/hls_inst/inst/grp_sobel_Pipeline_VITIS_LOOP_118_3_fu_352/out_pix_4_fu_841_p2_carry__0_i_8/O
                         net (fo=1, unplaced)         0.000     3.417    bd_0_i/hls_inst/inst/grp_sobel_Pipeline_VITIS_LOOP_118_3_fu_352/out_pix_4_fu_841_p2_carry__0_i_8_n_0
                         CARRY4 (Prop_carry4_S[0]_CO[3])
                                                      0.513     3.930 r  bd_0_i/hls_inst/inst/grp_sobel_Pipeline_VITIS_LOOP_118_3_fu_352/out_pix_4_fu_841_p2_carry__0/CO[3]
                         net (fo=1, unplaced)         0.000     3.930    bd_0_i/hls_inst/inst/grp_sobel_Pipeline_VITIS_LOOP_118_3_fu_352/out_pix_4_fu_841_p2_carry__0_n_0
                         CARRY4 (Prop_carry4_CI_O[2])
                                                      0.256     4.186 f  bd_0_i/hls_inst/inst/grp_sobel_Pipeline_VITIS_LOOP_118_3_fu_352/out_pix_4_fu_841_p2_carry__1/O[2]
                         net (fo=9, unplaced)         0.946     5.132    bd_0_i/hls_inst/inst/grp_sobel_Pipeline_VITIS_LOOP_118_3_fu_352/tmp_5_fu_847_p3
                         LUT4 (Prop_lut4_I0_O)        0.301     5.433 r  bd_0_i/hls_inst/inst/grp_sobel_Pipeline_VITIS_LOOP_118_3_fu_352/g_y_reg_1107[7]_i_1/O
                         net (fo=8, unplaced)         0.814     6.247    bd_0_i/hls_inst/inst/grp_sobel_Pipeline_VITIS_LOOP_118_3_fu_352/g_y_reg_1107[7]_i_1_n_0
                         FDSE                                         r  bd_0_i/hls_inst/inst/grp_sobel_Pipeline_VITIS_LOOP_118_3_fu_352/g_y_reg_1107_reg[0]/S
  -------------------------------------------------------------------    -------------------

                         (clock ap_clk rise edge)    10.000    10.000 r  
                                                      0.000    10.000 r  ap_clk (IN)
                         net (fo=652, unset)          0.924    10.924    bd_0_i/hls_inst/inst/grp_sobel_Pipeline_VITIS_LOOP_118_3_fu_352/ap_clk
                         FDSE                                         r  bd_0_i/hls_inst/inst/grp_sobel_Pipeline_VITIS_LOOP_118_3_fu_352/g_y_reg_1107_reg[0]/C
                         clock pessimism              0.000    10.924    
                         clock uncertainty           -0.035    10.889    
                         FDSE (Setup_fdse_C_S)       -0.524    10.365    bd_0_i/hls_inst/inst/grp_sobel_Pipeline_VITIS_LOOP_118_3_fu_352/g_y_reg_1107_reg[0]
  -------------------------------------------------------------------
                         required time                         10.365    
                         arrival time                          -6.247    
  -------------------------------------------------------------------
                         slack                                  4.118    





Min Delay Paths
--------------------------------------------------------------------------------------
Slack (MET) :             0.219ns  (arrival time - required time)
  Source:                 bd_0_i/hls_inst/inst/grp_sobel_Pipeline_VITIS_LOOP_118_3_fu_352/data_p_last_reg_1036_pp0_iter1_reg_reg[0]/C
                            (rising edge-triggered cell FDRE clocked by ap_clk  {rise@0.000ns fall@5.000ns period=10.000ns})
  Destination:            bd_0_i/hls_inst/inst/grp_sobel_Pipeline_VITIS_LOOP_118_3_fu_352/data_p_last_reg_1036_pp0_iter3_reg_reg[0]_srl2/D
                            (rising edge-triggered cell SRL16E clocked by ap_clk  {rise@0.000ns fall@5.000ns period=10.000ns})
  Path Group:             ap_clk
  Path Type:              Hold (Min at Fast Process Corner)
  Requirement:            0.000ns  (ap_clk rise@0.000ns - ap_clk rise@0.000ns)
  Data Path Delay:        0.305ns  (logic 0.164ns (53.808%)  route 0.141ns (46.192%))
  Logic Levels:           0  
  Clock Path Skew:        0.022ns (DCD - SCD - CPR)
    Destination Clock Delay (DCD):    0.432ns
    Source Clock Delay      (SCD):    0.410ns
    Clock Pessimism Removal (CPR):    -0.000ns

    Location             Delay type                Incr(ns)  Path(ns)    Netlist Resource(s)
  -------------------------------------------------------------------    -------------------
                         (clock ap_clk rise edge)     0.000     0.000 r  
                                                      0.000     0.000 r  ap_clk (IN)
                         net (fo=652, unset)          0.410     0.410    bd_0_i/hls_inst/inst/grp_sobel_Pipeline_VITIS_LOOP_118_3_fu_352/ap_clk
                         FDRE                                         r  bd_0_i/hls_inst/inst/grp_sobel_Pipeline_VITIS_LOOP_118_3_fu_352/data_p_last_reg_1036_pp0_iter1_reg_reg[0]/C
  -------------------------------------------------------------------    -------------------
                         FDRE (Prop_fdre_C_Q)         0.164     0.574 r  bd_0_i/hls_inst/inst/grp_sobel_Pipeline_VITIS_LOOP_118_3_fu_352/data_p_last_reg_1036_pp0_iter1_reg_reg[0]/Q
                         net (fo=1, unplaced)         0.141     0.715    bd_0_i/hls_inst/inst/grp_sobel_Pipeline_VITIS_LOOP_118_3_fu_352/data_p_last_reg_1036_pp0_iter1_reg
                         SRL16E                                       r  bd_0_i/hls_inst/inst/grp_sobel_Pipeline_VITIS_LOOP_118_3_fu_352/data_p_last_reg_1036_pp0_iter3_reg_reg[0]_srl2/D
  -------------------------------------------------------------------    -------------------

                         (clock ap_clk rise edge)     0.000     0.000 r  
                                                      0.000     0.000 r  ap_clk (IN)
                         net (fo=652, unset)          0.432     0.432    bd_0_i/hls_inst/inst/grp_sobel_Pipeline_VITIS_LOOP_118_3_fu_352/ap_clk
                         SRL16E                                       r  bd_0_i/hls_inst/inst/grp_sobel_Pipeline_VITIS_LOOP_118_3_fu_352/data_p_last_reg_1036_pp0_iter3_reg_reg[0]_srl2/CLK
                         clock pessimism              0.000     0.432    
                         SRL16E (Hold_srl16e_CLK_D)
                                                      0.064     0.496    bd_0_i/hls_inst/inst/grp_sobel_Pipeline_VITIS_LOOP_118_3_fu_352/data_p_last_reg_1036_pp0_iter3_reg_reg[0]_srl2
  -------------------------------------------------------------------
                         required time                         -0.496    
                         arrival time                           0.715    
  -------------------------------------------------------------------
                         slack                                  0.219    





Pulse Width Checks
--------------------------------------------------------------------------------------
Clock Name:         ap_clk
Waveform(ns):       { 0.000 5.000 }
Period(ns):         10.000
Sources:            { ap_clk }

Check Type        Corner  Lib Pin             Reference Pin  Required(ns)  Actual(ns)  Slack(ns)  Location  Pin
Min Period        n/a     RAMB18E1/CLKARDCLK  n/a            2.944         10.000      7.056                bd_0_i/hls_inst/inst/LineBuffer_1_U/ram_reg/CLKARDCLK
Low Pulse Width   Slow    SRL16E/CLK          n/a            0.980         5.000       4.020                bd_0_i/hls_inst/inst/grp_sobel_Pipeline_VITIS_LOOP_118_3_fu_352/data_p_last_reg_1036_pp0_iter3_reg_reg[0]_srl2/CLK
High Pulse Width  Slow    SRL16E/CLK          n/a            0.980         5.000       4.020                bd_0_i/hls_inst/inst/grp_sobel_Pipeline_VITIS_LOOP_118_3_fu_352/data_p_last_reg_1036_pp0_iter3_reg_reg[0]_srl2/CLK



