================================================================
== Design Size Report
================================================================

* Total Instructions per Compilation Phase
+---------------+-----------------------------+--------------+----------------------------------------------------------------------------------------+
| Phase         | Step                        | Instructions | Description                                                                            |
+---------------+-----------------------------+--------------+----------------------------------------------------------------------------------------+
| Compile/Link  |                             |    80        | After all functions are compiled and linked into a single design                       |
|               |                             |              |                                                                                        |
| Unroll/Inline |                             |              | After user unroll and inline pragmas are applied                                       |
|               | (1) unroll                  | 1,135        | user unroll pragmas are applied                                                        |
|               | (2) simplification          |   530        | simplification of applied user unroll pragmas                                          |
|               | (3) inline                  |   533        | user inline pragmas are applied                                                        |
|               | (4) simplification          |   533        | simplification of applied user inline pragmas                                          |
|               |                             |              |                                                                                        |
| Array/Struct  |                             |              | After user array partition and struct aggregate/disaggregate pragmas are applied       |
|               | (1) array partition         |   731        | user array partition pragmas are applied                                               |
|               | (2) simplification          |   731        | simplification of applied user array partition & struct aggregate/disaggregate pragmas |
|               | (3) aggregate/disaggregate  |   731        | user struct aggregate/disaggregate pragmas are applied                                 |
|               | (4) array reshape           |   731        | apply array reshape pragmas                                                            |
|               | (5) access patterns         |   739        | array access pattern optmizations                                                      |
|               |                             |              |                                                                                        |
| Performance   |                             |              | After transformations are applied to meet performance pragma targets                   |
|               | (1) loop simplification     |   736        | loop and instruction simplification                                                    |
|               | (2) parallelization         |   733        | loops are unrolled or pipelined to meet performance targets                            |
|               | (3) array partition         |   731        | arrays are partitioned to meet performance targets                                     |
|               | (4) simplification          |   731        | simplification of design after performance transformations                             |
|               |                             |              |                                                                                        |
| HW Transforms |                             |              | After hardware transfomations                                                          |
|               | (1) lowering                |   738        | initial conversion to HW specific instructions                                         |
|               | (2) optimizations           |   842        | high level synthesis optimizations                                                     |
+---------------+-----------------------------+--------------+----------------------------------------------------------------------------------------+

* Instructions per Function for each Compilation Phase
+-----------+------------+--------------+---------------+--------------+-------------+---------------+
| Function  | Location   | Compile/Link | Unroll/Inline | Array/Struct | Performance | HW Transforms |
+-----------+------------+--------------+---------------+--------------+-------------+---------------+
| + fir_top | fir.cpp:31 | 80           | 533           | 739          | 731         | 842           |
|    fir    | fir.cpp:5  | 37           | 497           | 495          |             |               |
+-----------+------------+--------------+---------------+--------------+-------------+---------------+

* Design Size Message Settings
+---------------------------------------------+--------+------------------------------------------------------------------+
| Message Setting                             | Value  | Description                                                      |
+---------------------------------------------+--------+------------------------------------------------------------------+
| config_compile -design_size_maximum_warning | 100000 | Show a warning when total design instructions exceeds this value |
+---------------------------------------------+--------+------------------------------------------------------------------+


